<?xml version="1.0" encoding="ISO-8859-1" ?>
<config>
    <signing>
        <signerName>specs-demo</signerName>
        <signingKeystore>
            <keyStoreFile>/etc/specs/security-token-service/signing-keystore.p12</keyStoreFile>
            <keyStorePass>password</keyStorePass>
            <signingCertFingerprint>01:18:BD:FE:5A:AF:DC:64:21:F5:07:93:7C:87:50:F6:5E:4C:75:B0</signingCertFingerprint>
            <signingPrivateKeyPass>password</signingPrivateKeyPass>
        </signingKeystore>
    </signing>
    <ips>
        <ipFilter>
            <rule>
                <timePeriod>3600</timePeriod>
                <failedAttempts>15</failedAttempts>
                <failedRatio>0.25</failedRatio>
                <delay>60</delay>
            </rule>
        </ipFilter>
        <usernameFilter>
            <rule>
                <timePeriod>3600</timePeriod>
                <failedAttempts>5</failedAttempts>
                <delay>60</delay>
            </rule>
        </usernameFilter>
        <accountLockout>
            <maxAttempt>20</maxAttempt>
        </accountLockout>
        <accountBlockedNotification>
            <enabled>true</enabled>
        </accountBlockedNotification>
        <mail>
            <from>
                <name>Demo Cloud Service Provider</name>
                <address>no-reply@demo-csp.com</address>
            </from>
            <smtp>
                <properties>
                    <property name="mail.smtp.host" value="smtp.democsp.com"/>
                    <property name="mail.smtp.port" value="25"/>
                </properties>
            </smtp>
        </mail>
    </ips>
</config>